
======================================================================
SIDEKICK DEBUG LOG - VERBOSE MODE
======================================================================
Session Start:  2026-02-01 17:05:33
Computer Name:  OFFICE-PC
Windows User:   Andrew
Location ID:    W0fg9KOTXUtvCyS18jwM
Python Version: 3.14.2 (tags/v3.14.2:df79316, Dec  5 2025, 17:18:21) [MSC v.1944 64 bit (AMD64)]
Script Path:    C:\Program Files (x86)\SideKick_PS\sync_ps_invoice.exe
Working Dir:    C:\Program Files (x86)\SideKick_PS
Command Args:   ['C:\\Program Files (x86)\\SideKick_PS\\sync_ps_invoice.exe', 'G:\\My Drive\\Proselect orders accounts\\2026-02-01_170525_Ball_160_1.xml']
======================================================================

[2026-02-01 17:05:33.179] Using DEBUG location ID: W0fg9KOTXUtvCyS18jwM
------------------------------------------------------------
[2026-02-01 17:05:33.179] Config loaded successfully
{
  "location_id": "W0fg9KOTXUtvCyS18jwM",
  "api_key_set": true
}
------------------------------------------------------------
[2026-02-01 17:05:33.183] PARSING XML FILE: G:\My Drive\Proselect orders accounts\2026-02-01_170525_Ball_160_1.xml
------------------------------------------------------------
[2026-02-01 17:05:33.184] XML file stats
{
  "size_bytes": 26715,
  "modified": "2026-02-01 17:05:28"
}
------------------------------------------------------------
[2026-02-01 17:05:33.187] XML parsed successfully, root tag: Client
------------------------------------------------------------
[2026-02-01 17:05:33.187] CLIENT INFO EXTRACTED
{
  "ghl_contact_id": "VWNebGYnz35ncN3URNR7",
  "email": "ball858@yahoo.co.uk",
  "first_name": "Dawn",
  "last_name": "Ball",
  "phone": "",
  "album_name": "Ball 160126",
  "album_path": "D:\\\\1 edit\\\\Ball 160126\\\\Ball 160126.psa"
}
------------------------------------------------------------
[2026-02-01 17:05:33.187] ORDER DATA EXTRACTED
{
  "date": "2026-01-16",
  "total_amount": 950.0,
  "items_count": 25,
  "payments_count": 1,
  "vat_info": {
    "total_vat": 158.29,
    "total_ex_vat": 791.71,
    "vatable_count": 25,
    "exempt_count": 0
  }
}
------------------------------------------------------------
[2026-02-01 17:05:33.187] ORDER ITEMS DETAIL
[
  {
    "type": "Traditional Matted Layout",
    "description": "8 x 10 Black Diamond   - 10 Capacity M 10.0 x 8.0 in Image Box",
    "product": "Image Box",
    "price": 997.0,
    "quantity": 1,
    "taxable": true,
    "vat_amount": 166.16
  },
  {
    "type": "Traditional Matted Layout",
    "description": "8x10/ 5x7 Plus M 10.0 x 8.0 in Fujifilm DP2 Lustre",
    "product": "Fujifilm DP2 Lustre",
    "price": 110.0,
    "quantity": 1,
    "taxable": true,
    "vat_amount": 18.33
  },
  {
    "type": "Mat",
    "description": "Black Image Box Mat",
    "product": "Black Image Box Mat",
    "price": 0.0,
    "quantity": 1,
    "taxable": true,
    "vat_amount": 0.0
  },
  {
    "type": "Traditional Matted Layout",
    "description": "8x10/ 5x7 Plus M 10.0 x 8.0 in Fujifilm DP2 Lustre",
    "product": "Fujifilm DP2 Lustre",
    "price": 110.0,
    "quantity": 1,
    "taxable": true,
    "vat_amount": 18.33
  },
  {
    "type": "Mat",
    "description": "Black Image Box Mat",
    "product": "Black Image Box Mat",
    "price": 0.0,
    "quantity": 1,
    "taxable": true,
    "vat_amount": 0.0
  },
  {
    "type": "Traditional Matted Layout",
    "description": "8x10/ 5x7 Plus M 8.0 x 10.0 in Fujifilm DP2 Lustre",
    "product": "Fujifilm DP2 Lustre",
    "price": 110.0,
    "quantity": 1,
    "taxable": true,
    "vat_amount": 18.33
  },
  {
    "type": "Mat",
    "description": "Black Image Box Mat",
    "product": "Black Image Box Mat",
    "price": 0.0,
    "quantity": 1,
    "taxable": true,
    "vat_amount": 0.0
  },
  {
    "type": "Traditional Matted Layout",
    "description": "8x10/ 5x7 Plus M 8.0 x 10.0 in Fujifilm DP2 Lustre",
    "product": "Fujifilm DP2 Lustre",
    "price": 110.0,
    "quantity": 1,
    "taxable": true,
    "vat_amount": 18.33
  },
  {
    "type": "Mat",
    "description": "Black Image Box Mat",
    "product": "Black Image Box Mat",
    "price": 0.0,
    "quantity": 1,
    "taxable": true,
    "vat_amount": 0.0
  },
  {
    "type": "Traditional Matted Layout",
    "description": "8x10/ 5x7 Plus M 8.0 x 10.0 in Fujifilm DP2 Lustre",
    "product": "Fujifilm DP2 Lustre",
    "price": 110.0,
    "quantity": 1,
    "taxable": true,
    "vat_amount": 18.33
  },
  {
    "type": "Mat",
    "description": "Black Image Box Mat",
    "product": "Black Image Box Mat",
    "price": 0.0,
    "quantity": 1,
    "taxable": true,
    "vat_amount": 0.0
  },
  {
    "type": "Traditional Matted Layout",
    "description": "8x10/ 5x7 Plus M 10.0 x 8.0 in Fujifilm DP2 Lustre",
    "product": "Fujifilm DP2 Lustre",
    "price": 110.0,
    "quantity": 1,
    "taxable": true,
    "vat_amount": 18.33
  },
  {
    "type": "Mat",
    "description": "Black Image Box Mat",
    "product": "Black Image Box Mat",
    "price": 0.0,
    "quantity": 1,
    "taxable": true,
    "vat_amount": 0.0
  },
  {
    "type": "Traditional Matted Layout",
    "description": "8x10/ 5x7 Plus M 10.0 x 8.0 in Fujifilm DP2 Lustre",
    "product": "Fujifilm DP2 Lustre",
    "price": 110.0,
    "quantity": 1,
    "taxable": true,
    "vat_amount": 18.33
  },
  {
    "type": "Mat",
    "description": "Black Image Box Mat",
    "product": "Black Image Box Mat",
    "price": 0.0,
    "quantity": 1,
    "taxable": true,
    "vat_amount": 0.0
  },
  {
    "type": "Traditional Matted Layout",
    "description": "8x10/ 5x7 Plus M 10.0 x 8.0 in Fujifilm DP2 Lustre",
    "product": "Fujifilm DP2 Lustre",
    "price": 110.0,
    "quantity": 1,
    "taxable": true,
    "vat_amount": 18.33
  },
  {
    "type": "Mat",
    "description": "Black Image Box Mat",
    "product": "Black Image Box Mat",
    "price": 0.0,
    "quantity": 1,
    "taxable": true,
    "vat_amount": 0.0
  },
  {
    "type": "Traditional Matted Layout",
    "description": "8x10/ 5x7 Plus M 8.0 x 10.0 in Fujifilm DP2 Lustre",
    "product": "Fujifilm DP2 Lustre",
    "price": 110.0,
    "quantity": 1,
    "taxable": true,
    "vat_amount": 18.33
  },
  {
    "type": "Mat",
    "description": "Black Image Box Mat",
    "product": "Black Image Box Mat",
    "price": 0.0,
    "quantity": 1,
    "taxable": true,
    "vat_amount": 0.0
  },
  {
    "type": "Traditional Matted Layout",
    "description": "8x10/ 5x7 Plus M 10.0 x 8.0 in Fujifilm DP2 Lustre",
    "product": "Fujifilm DP2 Lustre",
    "price": 110.0,
    "quantity": 1,
    "taxable": true,
    "vat_amount": 18.33
  },
  {
    "type": "Mat",
    "description": "Black Image Box Mat",
    "product": "Black Image Box Mat",
    "price": 0.0,
    "quantity": 1,
    "taxable": true,
    "vat_amount": 0.0
  },
  {
    "type": "Traditional Matted Layout",
    "description": "Included Q Card M 7.0 x 3.9 in Quantum Card Images",
    "product": "Quantum Card Images",
    "price": 0.0,
    "quantity": 1,
    "taxable": true,
    "vat_amount": 0.0
  },
  {
    "type": "DigitalFile",
    "description": "Quantum Card Cloud Images",
    "product": "Quantum Card Images",
    "price": 0.0,
    "quantity": 1,
    "taxable": true,
    "vat_amount": 0.0
  },
  {
    "type": "Order Extra",
    "description": "Studio Compertition Gift",
    "product": "Studio Compertition Gift",
    "price": -150.0,
    "quantity": 1,
    "taxable": true,
    "vat_amount": -25.0
  },
  {
    "type": "Order Extra",
    "description": "Package/ Collection 1",
    "product": "Package/ Collection 1",
    "price": -997.0,
    "quantity": 1,
    "taxable": true,
    "vat_amount": -166.17
  }
]
------------------------------------------------------------
[2026-02-01 17:05:33.187] PAYMENT SCHEDULE DETAIL
[
  {
    "id": "1",
    "date": "2026-01-16",
    "amount": 100.0,
    "method": "Bank Transfer",
    "type": "OD"
  }
]
------------------------------------------------------------
[2026-02-01 17:05:33.187] CONTACT SHEET - Starting creation
{
  "xml_path": "G:\\My Drive\\Proselect orders accounts\\2026-02-01_170525_Ball_160_1.xml"
}
------------------------------------------------------------
[2026-02-01 17:05:33.188] CONTACT SHEET - Importing module
------------------------------------------------------------
[2026-02-01 17:05:33.198] CONTACT SHEET - Module imported successfully
------------------------------------------------------------
[2026-02-01 17:05:33.202] CONTACT SHEET - XML parsed
{
  "shoot_no": "Ball 160126"
}
------------------------------------------------------------
[2026-02-01 17:05:33.202] GET THUMBNAIL FOLDER
{
  "xml_path": "G:\\My Drive\\Proselect orders accounts\\2026-02-01_170525_Ball_160_1.xml",
  "xml_dir": "G:\\My Drive\\Proselect orders accounts",
  "xml_name": "2026-02-01_170525_Ball_160_1",
  "thumb_folder": "G:\\My Drive\\Proselect orders accounts\\2026-02-01_170525_Ball_160_1",
  "exists": true
}
------------------------------------------------------------
[2026-02-01 17:05:33.203] CONTACT SHEET - Thumbnail folder found
{
  "thumb_folder": "G:\\My Drive\\Proselect orders accounts\\2026-02-01_170525_Ball_160_1"
}
------------------------------------------------------------
[2026-02-01 17:05:33.203] CONTACT SHEET - Creating JPG
{
  "jpg_path": "C:\\Program Files (x86)\\SideKick_PS\\Ball 160126-Ball-010226.jpg",
  "title": "Product Gallery - Ball 160126"
}
------------------------------------------------------------
[2026-02-01 17:05:33.673] CONTACT SHEET - Exception
{
  "error": "[Errno 13] Permission denied: 'C:\\\\Program Files (x86)\\\\SideKick_PS\\\\Ball 160126-Ball-010226.jpg'",
  "type": "PermissionError"
}
------------------------------------------------------------
[2026-02-01 17:05:33.673] UPDATE GHL CONTACT CALLED
{
  "contact_id": "VWNebGYnz35ncN3URNR7"
}
------------------------------------------------------------
[2026-02-01 17:05:33.673] CUSTOM FIELD VALUES TO UPDATE
{
  "82WRQe9Rl6o8uJQ8cgZV": "Ball 160126",
  "rcBTBSNw75gA0BOaVPEr": "Deposit Paid - Payment Plan Active",
  "j2lMRPMOYHIxapnz5qDK": "2026-01-16"
}
------------------------------------------------------------
[2026-02-01 17:05:33.673] UPDATE CONTACT REQUEST: https://services.leadconnectorhq.com/contacts/VWNebGYnz35ncN3URNR7
{
  "customFields": [
    {
      "id": "82WRQe9Rl6o8uJQ8cgZV",
      "field_value": "Ball 160126"
    },
    {
      "id": "rcBTBSNw75gA0BOaVPEr",
      "field_value": "Deposit Paid - Payment Plan Active"
    },
    {
      "id": "j2lMRPMOYHIxapnz5qDK",
      "field_value": "2026-01-16"
    }
  ]
}
------------------------------------------------------------
[2026-02-01 17:05:34.135] UPDATE CONTACT RESPONSE: Status=200
{
  "body": "{\"succeded\":true,\"contact\":{\"id\":\"VWNebGYnz35ncN3URNR7\",\"dateAdded\":\"2025-12-04T13:26:51.590Z\",\"type\":\"lead\",\"locationId\":\"W0fg9KOTXUtvCyS18jwM\",\"firstName\":\"Dawn\",\"firstNameLowerCase\":\"dawn\",\"fullNameLowerCase\":\"dawn ball\",\"lastName\":\"Ball\",\"lastNameLowerCase\":\"ball\",\"email\":\"ball858@yahoo.co.uk\",\"emailLowerCase\":\"ball858@yahoo.co.uk\",\"phone\":\"+447980986874\",\"country\":\"GB\",\"postalCode\":\"DL1 5UH\",\"source\":\"rtw boudoir form - 2025 feb\",\"timezone\":\"Europe/London\",\"createdBy\":{\"source\":\"FORM\",\"channel\":\"ISTIO_MESH\",\"sourceId\":\"1Iyx717Vq5FJasCXupEA\",\"timestamp\":\"2025-12-04T13:26:51.590Z\"},\"followers\":[],\"assignedTo\":\"ZTnsB1VUHx1MttRaEBpN\",\"additionalPhones\":[],\"city\":\"Darlington\",\"address1\":\"7 Gainsborough Court\",\"dateOfBirth\":\"1979-11-05\",\"tags\":[\"boudoir\",\"rtw-june-25\",\"whatsapp\",\"new_rtw_boudoir_finalist\",\"discovery-call-appointment\",\"makeup-session-booked\",\"booked_rtw_boudoir\",\"zoom-chat-booked\",\"looking-forward-sms\",\"jazmins-story\",\"boudoir-info-email\",\"music-sms\",\"clairs-story\",\"michelles-story\",\"outfits-email\",\"tea-sms\",\"order_placed\"],\"dndSettings\":{\"Call\":{\"status\":\"inactive\",\"message\":\"Updated by 'Andrew Risbey' at 2026-01-31T13:02:23.182Z\",\"code\":\"103\"},\"Email\":{\"status\":\"inactive\",\"message\":\"Updated by 'Andrew Risbey' at 2026-01-31T13:02:23.182Z\",\"code\":\"103\"},\"SMS\":{\"status\":\"inactive\",\"message\":\"Updated by 'Andrew Risbey' at 2026-01-31T13:02:23.182Z\",\"code\":\"103\"},\"GMB\":{\"status\":\"inactive\",\"message\":\"Updated by 'Andrew Risbey' at 2026-01-31T13:02:23.182Z\",\"code\":\"103\"},\"FB\":{\"status\":\"inactive\",\"message\":\"Updated by 'Andrew Risbey' at 2026-01-31T13:02:23.182Z\",\"code\":\"103\"},\"WhatsApp\":{\"status\":\"inactive\",\"message\":\"Updated by 'Andrew Risbey' at 2026-01-31T13:02:23.182Z\",\"code\":\"103\"}},\"dnd\":true,\"dateUpdated\":\"2026-02-01T17:05:34.214Z\",\"customFields\":[{\"id\":\"FSRNRiz6O8kEAJgcowLr\",\"value\":\"Paramedic and lecturer, I want to get back to working on the ambulance\"},{\"id\":\"HYPomDKd8ERBO3CGpJ0r\",\"value\":\"I was diagnosed with MS last Dec and since then after som"
}
------------------------------------------------------------
[2026-02-01 17:05:34.136] VERIFYING UPDATE - RE-FETCHING CONTACT
------------------------------------------------------------
[2026-02-01 17:05:34.513] VERIFICATION RESPONSE: Status=200
{
  "body": "{\"contact\":{\"id\":\"VWNebGYnz35ncN3URNR7\",\"dateAdded\":\"2025-12-04T13:26:51.590Z\",\"type\":\"lead\",\"locationId\":\"W0fg9KOTXUtvCyS18jwM\",\"firstName\":\"Dawn\",\"firstNameLowerCase\":\"dawn\",\"fullNameLowerCase\":\"dawn ball\",\"lastName\":\"Ball\",\"lastNameLowerCase\":\"ball\",\"email\":\"ball858@yahoo.co.uk\",\"emailLowerCase\":\"ball858@yahoo.co.uk\",\"phone\":\"+447980986874\",\"country\":\"GB\",\"postalCode\":\"DL1 5UH\",\"source\":\"rtw boudoir form - 2025 feb\",\"timezone\":\"Europe/London\",\"attributionSource\":{\"sessionSource\":\"Paid Social\",\"url\":\"https://www.risbeysphotographystudio.co.uk/boudoir-compertition?utm_source=fb_ad&utm_medium=women+38-65&utm_campaign=Boudoir+RTW+20+Oct+25&utm_content=guy+text+and+video&campaign_id=120233917050470132&fbclid=IwZXh0bgNhZW0BMABhZGlkAasoKfzTWxRzcnRjBmFwcF9pZAo2NjI4NTY4Mzc5AAEeTzzRrs203HLuODWh8WPVktCW1oMjoOwatqZdCH_UHFXAcgLKw5Nbs5bHXh4_aem_8IS5GL7jMMunveridQoz1g&utm_id=120233917050470132&utm_term=120233917050450132\",\"campaign\":\"Boudoir Rtw 20 Oct 25\",\"utmSource\":\"fb_ad\",\"utmMedium\":\"women 38-65\",\"utmContent\":\"guy text and video\",\"utmTerm\":\"120233917050450132\",\"utmKeyword\":\"120233917050450132\",\"utmMatchtype\":null,\"referrer\":\"http://m.facebook.com\",\"campaignId\":\"120233917050470132\",\"fbclid\":\"IwZXh0bgNhZW0BMABhZGlkAasoKfzTWxRzcnRjBmFwcF9pZAo2NjI4NTY4Mzc5AAEeTzzRrs203HLuODWh8WPVktCW1oMjoOwatqZdCH_UHFXAcgLKw5Nbs5bHXh4_aem_8IS5GL7jMMunveridQoz1g\",\"gclid\":null,\"fbc\":\"fb.2.1764854671330.IwZXh0bgNhZW0BMABhZGlkAasoKfzTWxRzcnRjBmFwcF9pZAo2NjI4NTY4Mzc5AAEeTzzRrs203HLuODWh8WPVktCW1oMjoOwatqZdCH_UHFXAcgLKw5Nbs5bHXh4_aem_8IS5GL7jMMunveridQoz1g\",\"fbp\":\"fb.2.1764854671335.408495162446130299\",\"userAgent\":\"Mozilla/5.0 (iPhone; CPU iPhone OS 18_5 like Mac OS X) AppleWebKit/605.1.15 (KHTML, like Gecko) Mobile/22F76 [FBAN/FBIOS;FBAV/512.0.0.52.99;FBBV/731098301;FBDV/iPhone13,1;FBMD/iPhone;FBSN/iOS;FBSV/18.5;FBSS/3;FBID/phone;FBLC/en_US;FBOP/5;FBRV/735898231;IABMV/1]\",\"ip\":\"2a00:23c8:4f20:a801:924:3129:ff8f:86d\",\"gaClientId\":null,\"gaSessionId\":null,\"medium\":\"form\",\"mediumId\":\"1Iyx717Vq5FJasCXup"
}
------------------------------------------------------------
[2026-02-01 17:05:34.514] UPDATE VERIFICATION SUCCESS
{
  "contact_id": "VWNebGYnz35ncN3URNR7"
}
------------------------------------------------------------
[2026-02-01 17:05:34.518] CREATE GHL INVOICE CALLED
{
  "contact_id": "VWNebGYnz35ncN3URNR7",
  "financials_only": false
}
------------------------------------------------------------
[2026-02-01 17:05:34.518] CREATE INVOICE REQUEST: https://services.leadconnectorhq.com/invoices/
{
  "altId": "W0fg9KOTXUtvCyS18jwM",
  "altType": "location",
  "name": "ProSelect - Dawn Ball",
  "contactId": "VWNebGYnz35ncN3URNR7",
  "currency": "GBP",
  "items": [
    {
      "name": "Order Summary",
      "description": "Subtotal ex VAT: \u00a3791.71 | VAT: \u00a3158.29 | Total: \u00a3950.00",
      "amount": 0,
      "qty": 1,
      "currency": "GBP"
    },
    {
      "name": "Payment 1 - 2026-01-16",
      "description": "Bank Transfer due 2026-01-16",
      "amount": 950,
      "qty": 1,
      "currency": "GBP"
    }
  ],
  "issueDate": "2026-01-16",
  "dueDate": "2026-02-01",
  "businessDetails": {
    "name": "Zoom Photography"
  },
  "contactDetails": {
    "id": "VWNebGYnz35ncN3URNR7",
    "name": "Dawn Ball",
    "email": "ball858@yahoo.co.uk"
  }
}
------------------------------------------------------------
[2026-02-01 17:05:34.907] CREATE INVOICE RESPONSE: Status=201
{
  "body": "{\"status\":\"draft\",\"discount\":{\"type\":\"percentage\",\"value\":0},\"liveMode\":true,\"amountPaid\":0,\"attachments\":[],\"_id\":\"697f87df353fb7cde7c4659f\",\"altId\":\"W0fg9KOTXUtvCyS18jwM\",\"altType\":\"location\",\"companyId\":\"JJAbHkiAhTq5PZCru9zN\",\"name\":\"ProSelect - Dawn Ball\",\"businessDetails\":{\"name\":\"Zoom Photography\"},\"invoiceNumber\":\"000103\",\"currency\":\"GBP\",\"contactDetails\":{\"id\":\"VWNebGYnz35ncN3URNR7\",\"name\":\"Dawn Ball\",\"email\":\"ball858@yahoo.co.uk\"},\"issueDate\":\"2026-01-16T00:00:00.000Z\",\"dueDate\":\"2026-02-01T23:59:59.999Z\",\"invoiceItems\":[{\"taxes\":[],\"taxInclusive\":false,\"_id\":\"697f87df353fb71969c465a0\",\"name\":\"Order Summary\",\"description\":\"Subtotal ex VAT: \u00a3791.71 | VAT: \u00a3158.29 | Total: \u00a3950.00\",\"amount\":0,\"qty\":1,\"currency\":\"GBP\"},{\"taxes\":[],\"taxInclusive\":false,\"_id\":\"697f87df353fb7dd63c465a1\",\"name\":\"Payment 1 - 2026-01-16\",\"description\":\"Bank Transfer due 2026-01-16\",\"amount\":950,\"qty\":1,\"currency\":\"GBP\"}],\"total\":950,\"invoiceTotal\":950,\"amountDue\":950,\"automaticTaxesCalculated\":false,\"tipsConfiguration\":{\"tipsPercentage\":[],\"tipsEnabled\":false},\"invoiceNumberPrefix\":\"INV-\",\"paymentMethods\":{\"stripe\":{\"enableBankDebitOnly\":false}},\"configuration\":{\"precision\":4},\"syncDetails\":[],\"tipsReceived\":[],\"externalTransactions\":[],\"createdAt\":\"2026-02-01T17:05:35.007Z\",\"updatedAt\":\"2026-02-01T17:05:35.007Z\",\"traceId\":\"a6e5dd8f-7b91-4356-983a-fde288a01b33\"}"
}
------------------------------------------------------------
[2026-02-01 17:05:34.907] RECORD PAYMENT REQUEST: https://services.leadconnectorhq.com/invoices/697f87df353fb7cde7c4659f/record-payment
{
  "altId": "W0fg9KOTXUtvCyS18jwM",
  "altType": "location",
  "amount": 100,
  "mode": "bank_transfer",
  "notes": "Payment - 2026-01-16"
}
------------------------------------------------------------
[2026-02-01 17:05:36.413] RECORD PAYMENT RESPONSE (attempt 1): Status=201
{
  "status_code": 201,
  "body": "{\"success\":true,\"invoice\":{\"status\":\"partially_paid\",\"discount\":{\"type\":\"percentage\",\"value\":0},\"liveMode\":true,\"amountPaid\":100,\"attachments\":[],\"_id\":\"697f87df353fb7cde7c4659f\",\"altId\":\"W0fg9KOTXUtvCyS18jwM\",\"altType\":\"location\",\"companyId\":\"JJAbHkiAhTq5PZCru9zN\",\"name\":\"ProSelect - Dawn Ball\",\"businessDetails\":{\"name\":\"Zoom Photography\"},\"invoiceNumber\":\"000103\",\"currency\":\"GBP\",\"contactDetails\":{\"id\":\"VWNebGYnz35ncN3URNR7\",\"name\":\"Dawn Ball\",\"email\":\"ball858@yahoo.co.uk\"},\"issueDate\":\"2026-01-16T00:00:00.000Z\",\"dueDate\":\"2026-02-01T23:59:59.999Z\",\"invoiceItems\":[{\"taxes\":[],\"taxInclusive\":false,\"_id\":\"697f87df353fb71969c465a0\",\"name\":\"Order Summary\",\"description\":\"Subtotal ex VAT: \u00a3791.71 | VAT: \u00a3158.29 | Total: \u00a3950.00\",\"amount\":0,\"qty\":1,\"currency\":\"GBP\"},{\"taxes\":[],\"taxInclusive\":false,\"_id\":\"697f87df353fb7dd63c465a1\",\"name\":\"Payment 1 - 2026-01-16\",\"description\":\"Bank Transfer due 2026-01-16\",\"amount\":950,\"qty\":1,\"currency\":\"GBP\"}],\"total\":950,\"invoiceTotal\":950,\"amountDue\":85"
}
------------------------------------------------------------
[2026-02-01 17:05:41.451] FINAL RESULT
{
  "success": true,
  "contact_id": "VWNebGYnz35ncN3URNR7",
  "album_name": "Ball 160126",
  "email": "ball858@yahoo.co.uk",
  "order_total": 950.0,
  "payments": 1,
  "status": "Deposit Paid - Payment Plan Active",
  "invoice": {
    "success": true,
    "invoice_id": "697f87df353fb7cde7c4659f",
    "invoice_number": "N/A",
    "amount": 950.0,
    "paid": 0,
    "balance": 950.0,
    "payments_recorded": 1
  }
}
------------------------------------------------------------
[2026-02-01 17:05:41.452] ============================================================
------------------------------------------------------------
[2026-02-01 17:05:41.452] SYNC COMPLETED - Success: True
------------------------------------------------------------
[2026-02-01 17:05:41.452] ============================================================
------------------------------------------------------------

