
======================================================================
SIDEKICK DEBUG LOG - VERBOSE MODE
======================================================================
Session Start:  2026-02-01 16:18:48
Computer Name:  OFFICE-PC
Windows User:   Andrew
Location ID:    W0fg9KOTXUtvCyS18jwM
Python Version: 3.14.2 (tags/v3.14.2:df79316, Dec  5 2025, 17:18:21) [MSC v.1944 64 bit (AMD64)]
Script Path:    C:\Program Files (x86)\SideKick_PS\sync_ps_invoice.exe
Working Dir:    C:\Program Files (x86)\SideKick_PS
Command Args:   ['C:\\Program Files (x86)\\SideKick_PS\\sync_ps_invoice.exe', 'G:\\My Drive\\Proselect orders accounts\\2026-02-01_161840_Ball_160_1.xml', '--financials-only']
======================================================================

[2026-02-01 16:18:48.755] Using DEBUG location ID: W0fg9KOTXUtvCyS18jwM
------------------------------------------------------------
[2026-02-01 16:18:48.755] Config loaded successfully
{
  "location_id": "W0fg9KOTXUtvCyS18jwM",
  "api_key_set": true
}
------------------------------------------------------------
[2026-02-01 16:18:48.758] PARSING XML FILE: G:\My Drive\Proselect orders accounts\2026-02-01_161840_Ball_160_1.xml
------------------------------------------------------------
[2026-02-01 16:18:48.763] XML file stats
{
  "size_bytes": 28795,
  "modified": "2026-02-01 16:18:43"
}
------------------------------------------------------------
[2026-02-01 16:18:48.770] XML parsed successfully, root tag: Client
------------------------------------------------------------
[2026-02-01 16:18:48.770] CLIENT INFO EXTRACTED
{
  "ghl_contact_id": "VWNebGYnz35ncN3URNR7",
  "email": "ball858@yahoo.co.uk",
  "first_name": "Dawn",
  "last_name": "Ball",
  "phone": "",
  "album_name": "Ball 160126",
  "album_path": "D:\\\\1 edit\\\\Ball 160126\\\\Ball 160126.psa"
}
------------------------------------------------------------
[2026-02-01 16:18:48.770] ORDER DATA EXTRACTED
{
  "date": "2026-01-16",
  "total_amount": 950.0,
  "items_count": 25,
  "payments_count": 9,
  "vat_info": {
    "total_vat": 158.29,
    "total_ex_vat": 791.71,
    "vatable_count": 25,
    "exempt_count": 0
  }
}
------------------------------------------------------------
[2026-02-01 16:18:48.771] ORDER ITEMS DETAIL
[
  {
    "type": "Traditional Matted Layout",
    "description": "8 x 10 Black Diamond   - 10 Capacity M 10.0 x 8.0 in Image Box",
    "product": "Image Box",
    "price": 997.0,
    "quantity": 1,
    "taxable": true,
    "vat_amount": 166.16
  },
  {
    "type": "Traditional Matted Layout",
    "description": "8x10/ 5x7 Plus M 10.0 x 8.0 in Fujifilm DP2 Lustre",
    "product": "Fujifilm DP2 Lustre",
    "price": 110.0,
    "quantity": 1,
    "taxable": true,
    "vat_amount": 18.33
  },
  {
    "type": "Mat",
    "description": "Black Image Box Mat",
    "product": "Black Image Box Mat",
    "price": 0.0,
    "quantity": 1,
    "taxable": true,
    "vat_amount": 0.0
  },
  {
    "type": "Traditional Matted Layout",
    "description": "8x10/ 5x7 Plus M 10.0 x 8.0 in Fujifilm DP2 Lustre",
    "product": "Fujifilm DP2 Lustre",
    "price": 110.0,
    "quantity": 1,
    "taxable": true,
    "vat_amount": 18.33
  },
  {
    "type": "Mat",
    "description": "Black Image Box Mat",
    "product": "Black Image Box Mat",
    "price": 0.0,
    "quantity": 1,
    "taxable": true,
    "vat_amount": 0.0
  },
  {
    "type": "Traditional Matted Layout",
    "description": "8x10/ 5x7 Plus M 8.0 x 10.0 in Fujifilm DP2 Lustre",
    "product": "Fujifilm DP2 Lustre",
    "price": 110.0,
    "quantity": 1,
    "taxable": true,
    "vat_amount": 18.33
  },
  {
    "type": "Mat",
    "description": "Black Image Box Mat",
    "product": "Black Image Box Mat",
    "price": 0.0,
    "quantity": 1,
    "taxable": true,
    "vat_amount": 0.0
  },
  {
    "type": "Traditional Matted Layout",
    "description": "8x10/ 5x7 Plus M 8.0 x 10.0 in Fujifilm DP2 Lustre",
    "product": "Fujifilm DP2 Lustre",
    "price": 110.0,
    "quantity": 1,
    "taxable": true,
    "vat_amount": 18.33
  },
  {
    "type": "Mat",
    "description": "Black Image Box Mat",
    "product": "Black Image Box Mat",
    "price": 0.0,
    "quantity": 1,
    "taxable": true,
    "vat_amount": 0.0
  },
  {
    "type": "Traditional Matted Layout",
    "description": "8x10/ 5x7 Plus M 8.0 x 10.0 in Fujifilm DP2 Lustre",
    "product": "Fujifilm DP2 Lustre",
    "price": 110.0,
    "quantity": 1,
    "taxable": true,
    "vat_amount": 18.33
  },
  {
    "type": "Mat",
    "description": "Black Image Box Mat",
    "product": "Black Image Box Mat",
    "price": 0.0,
    "quantity": 1,
    "taxable": true,
    "vat_amount": 0.0
  },
  {
    "type": "Traditional Matted Layout",
    "description": "8x10/ 5x7 Plus M 10.0 x 8.0 in Fujifilm DP2 Lustre",
    "product": "Fujifilm DP2 Lustre",
    "price": 110.0,
    "quantity": 1,
    "taxable": true,
    "vat_amount": 18.33
  },
  {
    "type": "Mat",
    "description": "Black Image Box Mat",
    "product": "Black Image Box Mat",
    "price": 0.0,
    "quantity": 1,
    "taxable": true,
    "vat_amount": 0.0
  },
  {
    "type": "Traditional Matted Layout",
    "description": "8x10/ 5x7 Plus M 10.0 x 8.0 in Fujifilm DP2 Lustre",
    "product": "Fujifilm DP2 Lustre",
    "price": 110.0,
    "quantity": 1,
    "taxable": true,
    "vat_amount": 18.33
  },
  {
    "type": "Mat",
    "description": "Black Image Box Mat",
    "product": "Black Image Box Mat",
    "price": 0.0,
    "quantity": 1,
    "taxable": true,
    "vat_amount": 0.0
  },
  {
    "type": "Traditional Matted Layout",
    "description": "8x10/ 5x7 Plus M 10.0 x 8.0 in Fujifilm DP2 Lustre",
    "product": "Fujifilm DP2 Lustre",
    "price": 110.0,
    "quantity": 1,
    "taxable": true,
    "vat_amount": 18.33
  },
  {
    "type": "Mat",
    "description": "Black Image Box Mat",
    "product": "Black Image Box Mat",
    "price": 0.0,
    "quantity": 1,
    "taxable": true,
    "vat_amount": 0.0
  },
  {
    "type": "Traditional Matted Layout",
    "description": "8x10/ 5x7 Plus M 8.0 x 10.0 in Fujifilm DP2 Lustre",
    "product": "Fujifilm DP2 Lustre",
    "price": 110.0,
    "quantity": 1,
    "taxable": true,
    "vat_amount": 18.33
  },
  {
    "type": "Mat",
    "description": "Black Image Box Mat",
    "product": "Black Image Box Mat",
    "price": 0.0,
    "quantity": 1,
    "taxable": true,
    "vat_amount": 0.0
  },
  {
    "type": "Traditional Matted Layout",
    "description": "8x10/ 5x7 Plus M 10.0 x 8.0 in Fujifilm DP2 Lustre",
    "product": "Fujifilm DP2 Lustre",
    "price": 110.0,
    "quantity": 1,
    "taxable": true,
    "vat_amount": 18.33
  },
  {
    "type": "Mat",
    "description": "Black Image Box Mat",
    "product": "Black Image Box Mat",
    "price": 0.0,
    "quantity": 1,
    "taxable": true,
    "vat_amount": 0.0
  },
  {
    "type": "Traditional Matted Layout",
    "description": "Included Q Card M 7.0 x 3.9 in Quantum Card Images",
    "product": "Quantum Card Images",
    "price": 0.0,
    "quantity": 1,
    "taxable": true,
    "vat_amount": 0.0
  },
  {
    "type": "DigitalFile",
    "description": "Quantum Card Cloud Images",
    "product": "Quantum Card Images",
    "price": 0.0,
    "quantity": 1,
    "taxable": true,
    "vat_amount": 0.0
  },
  {
    "type": "Order Extra",
    "description": "Studio Compertition Gift",
    "product": "Studio Compertition Gift",
    "price": -150.0,
    "quantity": 1,
    "taxable": true,
    "vat_amount": -25.0
  },
  {
    "type": "Order Extra",
    "description": "Package/ Collection 1",
    "product": "Package/ Collection 1",
    "price": -997.0,
    "quantity": 1,
    "taxable": true,
    "vat_amount": -166.17
  }
]
------------------------------------------------------------
[2026-02-01 16:18:48.771] PAYMENT SCHEDULE DETAIL
[
  {
    "id": "1",
    "date": "2026-01-16",
    "amount": 100.0,
    "method": "Bank Transfer",
    "type": "OD"
  },
  {
    "id": "2",
    "date": "2026-02-01",
    "amount": 106.25,
    "method": "Direct Debit",
    "type": "OD"
  },
  {
    "id": "3",
    "date": "2026-03-01",
    "amount": 106.25,
    "method": "Direct Debit",
    "type": "OD"
  },
  {
    "id": "4",
    "date": "2026-04-01",
    "amount": 106.25,
    "method": "Direct Debit",
    "type": "OD"
  },
  {
    "id": "5",
    "date": "2026-05-01",
    "amount": 106.25,
    "method": "Direct Debit",
    "type": "OD"
  },
  {
    "id": "6",
    "date": "2026-06-01",
    "amount": 106.25,
    "method": "Direct Debit",
    "type": "OD"
  },
  {
    "id": "7",
    "date": "2026-07-01",
    "amount": 106.25,
    "method": "Direct Debit",
    "type": "OD"
  },
  {
    "id": "8",
    "date": "2026-08-01",
    "amount": 106.25,
    "method": "Direct Debit",
    "type": "OD"
  },
  {
    "id": "9",
    "date": "2026-09-01",
    "amount": 106.25,
    "method": "Direct Debit",
    "type": "FP"
  }
]
------------------------------------------------------------
[2026-02-01 16:18:48.771] CONTACT SHEET - Starting creation
{
  "xml_path": "G:\\My Drive\\Proselect orders accounts\\2026-02-01_161840_Ball_160_1.xml"
}
------------------------------------------------------------
[2026-02-01 16:18:48.785] GET THUMBNAIL FOLDER
{
  "xml_path": "G:\\My Drive\\Proselect orders accounts\\2026-02-01_161840_Ball_160_1.xml",
  "xml_dir": "G:\\My Drive\\Proselect orders accounts",
  "xml_name": "2026-02-01_161840_Ball_160_1",
  "thumb_folder": "G:\\My Drive\\Proselect orders accounts\\2026-02-01_161840_Ball_160_1",
  "exists": true
}
------------------------------------------------------------
[2026-02-01 16:18:49.217] UPDATE GHL CONTACT CALLED
{
  "contact_id": "VWNebGYnz35ncN3URNR7"
}
------------------------------------------------------------
[2026-02-01 16:18:49.217] CUSTOM FIELD VALUES TO UPDATE
{
  "82WRQe9Rl6o8uJQ8cgZV": "Ball 160126",
  "rcBTBSNw75gA0BOaVPEr": "Payment Plan Active",
  "j2lMRPMOYHIxapnz5qDK": "2026-01-16"
}
------------------------------------------------------------
[2026-02-01 16:18:49.217] UPDATE CONTACT REQUEST: https://services.leadconnectorhq.com/contacts/VWNebGYnz35ncN3URNR7
{
  "customFields": [
    {
      "id": "82WRQe9Rl6o8uJQ8cgZV",
      "field_value": "Ball 160126"
    },
    {
      "id": "rcBTBSNw75gA0BOaVPEr",
      "field_value": "Payment Plan Active"
    },
    {
      "id": "j2lMRPMOYHIxapnz5qDK",
      "field_value": "2026-01-16"
    }
  ]
}
------------------------------------------------------------
[2026-02-01 16:18:49.707] UPDATE CONTACT RESPONSE: Status=200
{
  "body": "{\"succeded\":true,\"contact\":{\"id\":\"VWNebGYnz35ncN3URNR7\",\"dateAdded\":\"2025-12-04T13:26:51.590Z\",\"type\":\"lead\",\"locationId\":\"W0fg9KOTXUtvCyS18jwM\",\"firstName\":\"Dawn\",\"firstNameLowerCase\":\"dawn\",\"fullNameLowerCase\":\"dawn ball\",\"lastName\":\"Ball\",\"lastNameLowerCase\":\"ball\",\"email\":\"ball858@yahoo.co.uk\",\"emailLowerCase\":\"ball858@yahoo.co.uk\",\"phone\":\"+447980986874\",\"country\":\"GB\",\"postalCode\":\"DL1 5UH\",\"source\":\"rtw boudoir form - 2025 feb\",\"timezone\":\"Europe/London\",\"createdBy\":{\"source\":\"FORM\",\"channel\":\"ISTIO_MESH\",\"sourceId\":\"1Iyx717Vq5FJasCXupEA\",\"timestamp\":\"2025-12-04T13:26:51.590Z\"},\"followers\":[],\"assignedTo\":\"ZTnsB1VUHx1MttRaEBpN\",\"additionalPhones\":[],\"city\":\"Darlington\",\"address1\":\"7 Gainsborough Court\",\"dateOfBirth\":\"1979-11-05\",\"tags\":[\"boudoir\",\"rtw-june-25\",\"whatsapp\",\"new_rtw_boudoir_finalist\",\"discovery-call-appointment\",\"makeup-session-booked\",\"booked_rtw_boudoir\",\"zoom-chat-booked\",\"looking-forward-sms\",\"jazmins-story\",\"boudoir-info-email\",\"music-sms\",\"clairs-story\",\"michelles-story\",\"outfits-email\",\"tea-sms\",\"order_placed\"],\"dateUpdated\":\"2026-02-01T16:18:49.962Z\",\"dndSettings\":{\"Call\":{\"status\":\"inactive\",\"message\":\"Updated by 'Andrew Risbey' at 2026-01-31T13:02:23.182Z\",\"code\":\"103\"},\"Email\":{\"status\":\"inactive\",\"message\":\"Updated by 'Andrew Risbey' at 2026-01-31T13:02:23.182Z\",\"code\":\"103\"},\"SMS\":{\"status\":\"inactive\",\"message\":\"Updated by 'Andrew Risbey' at 2026-01-31T13:02:23.182Z\",\"code\":\"103\"},\"GMB\":{\"status\":\"inactive\",\"message\":\"Updated by 'Andrew Risbey' at 2026-01-31T13:02:23.182Z\",\"code\":\"103\"},\"FB\":{\"status\":\"inactive\",\"message\":\"Updated by 'Andrew Risbey' at 2026-01-31T13:02:23.182Z\",\"code\":\"103\"},\"WhatsApp\":{\"status\":\"inactive\",\"message\":\"Updated by 'Andrew Risbey' at 2026-01-31T13:02:23.182Z\",\"code\":\"103\"}},\"dnd\":true,\"customFields\":[{\"id\":\"FSRNRiz6O8kEAJgcowLr\",\"value\":\"Paramedic and lecturer, I want to get back to working on the ambulance\"},{\"id\":\"HYPomDKd8ERBO3CGpJ0r\",\"value\":\"I was diagnosed with MS last Dec and since then after som"
}
------------------------------------------------------------
[2026-02-01 16:18:49.708] VERIFYING UPDATE - RE-FETCHING CONTACT
------------------------------------------------------------
[2026-02-01 16:18:50.099] VERIFICATION RESPONSE: Status=200
{
  "body": "{\"contact\":{\"id\":\"VWNebGYnz35ncN3URNR7\",\"dateAdded\":\"2025-12-04T13:26:51.590Z\",\"type\":\"lead\",\"locationId\":\"W0fg9KOTXUtvCyS18jwM\",\"firstName\":\"Dawn\",\"firstNameLowerCase\":\"dawn\",\"fullNameLowerCase\":\"dawn ball\",\"lastName\":\"Ball\",\"lastNameLowerCase\":\"ball\",\"email\":\"ball858@yahoo.co.uk\",\"emailLowerCase\":\"ball858@yahoo.co.uk\",\"phone\":\"+447980986874\",\"country\":\"GB\",\"postalCode\":\"DL1 5UH\",\"source\":\"rtw boudoir form - 2025 feb\",\"timezone\":\"Europe/London\",\"attributionSource\":{\"sessionSource\":\"Paid Social\",\"url\":\"https://www.risbeysphotographystudio.co.uk/boudoir-compertition?utm_source=fb_ad&utm_medium=women+38-65&utm_campaign=Boudoir+RTW+20+Oct+25&utm_content=guy+text+and+video&campaign_id=120233917050470132&fbclid=IwZXh0bgNhZW0BMABhZGlkAasoKfzTWxRzcnRjBmFwcF9pZAo2NjI4NTY4Mzc5AAEeTzzRrs203HLuODWh8WPVktCW1oMjoOwatqZdCH_UHFXAcgLKw5Nbs5bHXh4_aem_8IS5GL7jMMunveridQoz1g&utm_id=120233917050470132&utm_term=120233917050450132\",\"campaign\":\"Boudoir Rtw 20 Oct 25\",\"utmSource\":\"fb_ad\",\"utmMedium\":\"women 38-65\",\"utmContent\":\"guy text and video\",\"utmTerm\":\"120233917050450132\",\"utmKeyword\":\"120233917050450132\",\"utmMatchtype\":null,\"referrer\":\"http://m.facebook.com\",\"campaignId\":\"120233917050470132\",\"fbclid\":\"IwZXh0bgNhZW0BMABhZGlkAasoKfzTWxRzcnRjBmFwcF9pZAo2NjI4NTY4Mzc5AAEeTzzRrs203HLuODWh8WPVktCW1oMjoOwatqZdCH_UHFXAcgLKw5Nbs5bHXh4_aem_8IS5GL7jMMunveridQoz1g\",\"gclid\":null,\"fbc\":\"fb.2.1764854671330.IwZXh0bgNhZW0BMABhZGlkAasoKfzTWxRzcnRjBmFwcF9pZAo2NjI4NTY4Mzc5AAEeTzzRrs203HLuODWh8WPVktCW1oMjoOwatqZdCH_UHFXAcgLKw5Nbs5bHXh4_aem_8IS5GL7jMMunveridQoz1g\",\"fbp\":\"fb.2.1764854671335.408495162446130299\",\"userAgent\":\"Mozilla/5.0 (iPhone; CPU iPhone OS 18_5 like Mac OS X) AppleWebKit/605.1.15 (KHTML, like Gecko) Mobile/22F76 [FBAN/FBIOS;FBAV/512.0.0.52.99;FBBV/731098301;FBDV/iPhone13,1;FBMD/iPhone;FBSN/iOS;FBSV/18.5;FBSS/3;FBID/phone;FBLC/en_US;FBOP/5;FBRV/735898231;IABMV/1]\",\"ip\":\"2a00:23c8:4f20:a801:924:3129:ff8f:86d\",\"gaClientId\":null,\"gaSessionId\":null,\"medium\":\"form\",\"mediumId\":\"1Iyx717Vq5FJasCXup"
}
------------------------------------------------------------
[2026-02-01 16:18:50.100] UPDATE VERIFICATION SUCCESS
{
  "contact_id": "VWNebGYnz35ncN3URNR7"
}
------------------------------------------------------------
[2026-02-01 16:18:50.102] CREATE GHL INVOICE CALLED
{
  "contact_id": "VWNebGYnz35ncN3URNR7",
  "financials_only": true
}
------------------------------------------------------------
[2026-02-01 16:18:50.102] CREATE INVOICE REQUEST: https://services.leadconnectorhq.com/invoices/
{
  "altId": "W0fg9KOTXUtvCyS18jwM",
  "altType": "location",
  "name": "ProSelect - Dawn Ball",
  "contactId": "VWNebGYnz35ncN3URNR7",
  "currency": "GBP",
  "items": [
    {
      "name": "Order Summary",
      "description": "Subtotal ex VAT: \u00a3791.71 | VAT: \u00a3158.29 | Total: \u00a3950.00",
      "amount": 0,
      "qty": 1,
      "currency": "GBP"
    },
    {
      "name": "Payment 1 - 2026-01-16",
      "description": "Bank Transfer due 2026-01-16",
      "amount": 100,
      "qty": 1,
      "currency": "GBP"
    },
    {
      "name": "Payment 2 - 2026-02-01",
      "description": "Direct Debit due 2026-02-01",
      "amount": 106,
      "qty": 1,
      "currency": "GBP"
    },
    {
      "name": "Payment 3 - 2026-03-01",
      "description": "Direct Debit due 2026-03-01",
      "amount": 106,
      "qty": 1,
      "currency": "GBP"
    },
    {
      "name": "Payment 4 - 2026-04-01",
      "description": "Direct Debit due 2026-04-01",
      "amount": 106,
      "qty": 1,
      "currency": "GBP"
    },
    {
      "name": "Payment 5 - 2026-05-01",
      "description": "Direct Debit due 2026-05-01",
      "amount": 106,
      "qty": 1,
      "currency": "GBP"
    },
    {
      "name": "Payment 6 - 2026-06-01",
      "description": "Direct Debit due 2026-06-01",
      "amount": 106,
      "qty": 1,
      "currency": "GBP"
    },
    {
      "name": "Payment 7 - 2026-07-01",
      "description": "Direct Debit due 2026-07-01",
      "amount": 106,
      "qty": 1,
      "currency": "GBP"
    },
    {
      "name": "Payment 8 - 2026-08-01",
      "description": "Direct Debit due 2026-08-01",
      "amount": 106,
      "qty": 1,
      "currency": "GBP"
    },
    {
      "name": "Payment 9 - 2026-09-01",
      "description": "Direct Debit due 2026-09-01",
      "amount": 106,
      "qty": 1,
      "currency": "GBP"
    }
  ],
  "issueDate": "2026-01-16",
  "dueDate": "2026-02-01",
  "businessDetails": {
    "name": "Zoom Photography"
  },
  "contactDetails": {
    "id": "VWNebGYnz35ncN3URNR7",
    "name": "Dawn Ball",
    "email": "ball858@yahoo.co.uk"
  }
}
------------------------------------------------------------
[2026-02-01 16:18:50.737] CREATE INVOICE RESPONSE: Status=201
{
  "body": "{\"status\":\"draft\",\"discount\":{\"type\":\"percentage\",\"value\":0},\"liveMode\":true,\"amountPaid\":0,\"attachments\":[],\"_id\":\"697f7ceb83420f56dabed50a\",\"altId\":\"W0fg9KOTXUtvCyS18jwM\",\"altType\":\"location\",\"companyId\":\"JJAbHkiAhTq5PZCru9zN\",\"name\":\"ProSelect - Dawn Ball\",\"businessDetails\":{\"name\":\"Zoom Photography\"},\"invoiceNumber\":\"000101\",\"currency\":\"GBP\",\"contactDetails\":{\"id\":\"VWNebGYnz35ncN3URNR7\",\"name\":\"Dawn Ball\",\"email\":\"ball858@yahoo.co.uk\"},\"issueDate\":\"2026-01-16T00:00:00.000Z\",\"dueDate\":\"2026-02-01T23:59:59.999Z\",\"invoiceItems\":[{\"taxes\":[],\"taxInclusive\":false,\"_id\":\"697f7ceb83420fbe1ebed50b\",\"name\":\"Order Summary\",\"description\":\"Subtotal ex VAT: \u00a3791.71 | VAT: \u00a3158.29 | Total: \u00a3950.00\",\"amount\":0,\"qty\":1,\"currency\":\"GBP\"},{\"taxes\":[],\"taxInclusive\":false,\"_id\":\"697f7ceb83420f0333bed50c\",\"name\":\"Payment 1 - 2026-01-16\",\"description\":\"Bank Transfer due 2026-01-16\",\"amount\":100,\"qty\":1,\"currency\":\"GBP\"},{\"taxes\":[],\"taxInclusive\":false,\"_id\":\"697f7ceb83420f40dbbed50d\",\"name\":\"Payment 2 - 2026-02-01\",\"description\":\"Direct Debit due 2026-02-01\",\"amount\":106,\"qty\":1,\"currency\":\"GBP\"},{\"taxes\":[],\"taxInclusive\":false,\"_id\":\"697f7ceb83420f6271bed50e\",\"name\":\"Payment 3 - 2026-03-01\",\"description\":\"Direct Debit due 2026-03-01\",\"amount\":106,\"qty\":1,\"currency\":\"GBP\"},{\"taxes\":[],\"taxInclusive\":false,\"_id\":\"697f7ceb83420fd9b3bed50f\",\"name\":\"Payment 4 - 2026-04-01\",\"description\":\"Direct Debit due 2026-04-01\",\"amount\":106,\"qty\":1,\"currency\":\"GBP\"},{\"taxes\":[],\"taxInclusive\":false,\"_id\":\"697f7ceb83420f1c39bed510\",\"name\":\"Payment 5 - 2026-05-01\",\"description\":\"Direct Debit due 2026-05-01\",\"amount\":106,\"qty\":1,\"currency\":\"GBP\"},{\"taxes\":[],\"taxInclusive\":false,\"_id\":\"697f7ceb83420f1c42bed511\",\"name\":\"Payment 6 - 2026-06-01\",\"description\":\"Direct Debit due 2026-06-01\",\"amount\":106,\"qty\":1,\"currency\":\"GBP\"},{\"taxes\":[],\"taxInclusive\":false,\"_id\":\"697f7ceb83420f376fbed512\",\"name\":\"Payment 7 - 2026-07-01\",\"description\":\"Direct Debit due 2026-07-01\",\"amount\":106,\"qty\":1,\"currency\":\"GBP\"},{\"taxes\":[],\"taxInclusive\":false,\"_id\":\"697f7ceb83420f905dbed513\",\"name\":\"Payment 8 - 2026-08-01\",\"description\":\"Direct Debit due 2026-08-01\",\"amount\":106,\"qty\":1,\"currency\":\"GBP\"},{\"taxes\":[],\"taxInclusive\":false,\"_id\":\"697f7ceb83420f1a45bed514\",\"name\":\"Payment 9 - 2026-09-01\",\"description\":\"Direct Debit due 2026-09-01\",\"amount\":106,\"qty\":1,\"currency\":\"GBP\"}],\"total\":948,\"invoiceTotal\":948,\"amountDue\":948,\"automaticTaxesCalculated\":false,\"tipsConfiguration\":{\"tipsPercentage\":[],\"tipsEnabled\":false},\"invoiceNumberPrefix\":\"INV-\",\"paymentMethods\":{\"stripe\":{\"enableBankDebitOnly\":false}},\"configuration\":{\"precision\":4},\"syncDetails\":[],\"tipsReceived\":[],\"externalTransactions\":[],\"createdAt\":\"2026-02-01T16:18:51.018Z\",\"updatedAt\":\"2026-02-01T16:18:51.018Z\",\"traceId\":\"bff41194-b97c-4500-88eb-38a793e00137\"}"
}
------------------------------------------------------------
[2026-02-01 16:18:50.738] RECORD PAYMENT REQUEST: https://services.leadconnectorhq.com/invoices/697f7ceb83420f56dabed50a/record-payment
{
  "altId": "W0fg9KOTXUtvCyS18jwM",
  "altType": "location",
  "amount": 100,
  "mode": "bank_transfer",
  "notes": "Payment - 2026-01-16"
}
------------------------------------------------------------
[2026-02-01 16:18:52.262] RECORD PAYMENT RESPONSE (attempt 1): Status=201
{
  "status_code": 201,
  "body": "{\"success\":true,\"invoice\":{\"status\":\"partially_paid\",\"discount\":{\"type\":\"percentage\",\"value\":0},\"liveMode\":true,\"amountPaid\":100,\"attachments\":[],\"_id\":\"697f7ceb83420f56dabed50a\",\"altId\":\"W0fg9KOTXUtvCyS18jwM\",\"altType\":\"location\",\"companyId\":\"JJAbHkiAhTq5PZCru9zN\",\"name\":\"ProSelect - Dawn Ball\",\"businessDetails\":{\"name\":\"Zoom Photography\"},\"invoiceNumber\":\"000101\",\"currency\":\"GBP\",\"contactDetails\":{\"id\":\"VWNebGYnz35ncN3URNR7\",\"name\":\"Dawn Ball\",\"email\":\"ball858@yahoo.co.uk\"},\"issueDate\":\"2026-01-16T00:00:00.000Z\",\"dueDate\":\"2026-02-01T23:59:59.999Z\",\"invoiceItems\":[{\"taxes\":[],\"taxInclusive\":false,\"_id\":\"697f7ceb83420fbe1ebed50b\",\"name\":\"Order Summary\",\"description\":\"Subtotal ex VAT: \u00a3791.71 | VAT: \u00a3158.29 | Total: \u00a3950.00\",\"amount\":0,\"qty\":1,\"currency\":\"GBP\"},{\"taxes\":[],\"taxInclusive\":false,\"_id\":\"697f7ceb83420f0333bed50c\",\"name\":\"Payment 1 - 2026-01-16\",\"description\":\"Bank Transfer due 2026-01-16\",\"amount\":100,\"qty\":1,\"currency\":\"GBP\"},{\"taxes\":[],\"taxInclusive\":false,\"_id\":\"697f7c"
}
------------------------------------------------------------
[2026-02-01 16:18:53.263] RECORD PAYMENT REQUEST: https://services.leadconnectorhq.com/invoices/697f7ceb83420f56dabed50a/record-payment
{
  "altId": "W0fg9KOTXUtvCyS18jwM",
  "altType": "location",
  "amount": 106,
  "mode": "bank_transfer",
  "notes": "Payment - 2026-02-01"
}
------------------------------------------------------------
[2026-02-01 16:18:53.638] RECORD PAYMENT RESPONSE (attempt 1): Status=409
{
  "status_code": 409,
  "body": "{\"status\":409,\"message\":\"Payment recording already in progress\",\"name\":\"HttpException\",\"traceId\":\"a9a40234-a5f9-4dbf-b537-3fe66aeb5d9f\"}"
}
------------------------------------------------------------
[2026-02-01 16:18:55.996] RECORD PAYMENT RESPONSE (attempt 2): Status=409
{
  "status_code": 409,
  "body": "{\"status\":409,\"message\":\"Payment recording already in progress\",\"name\":\"HttpException\",\"traceId\":\"26ca51ef-5601-4efd-86f1-11813dd4323b\"}"
}
------------------------------------------------------------
[2026-02-01 16:19:01.502] RECORD PAYMENT RESPONSE (attempt 3): Status=201
{
  "status_code": 201,
  "body": "{\"success\":true,\"invoice\":{\"status\":\"partially_paid\",\"discount\":{\"type\":\"percentage\",\"value\":0},\"liveMode\":true,\"amountPaid\":206,\"attachments\":[],\"_id\":\"697f7ceb83420f56dabed50a\",\"altId\":\"W0fg9KOTXUtvCyS18jwM\",\"altType\":\"location\",\"companyId\":\"JJAbHkiAhTq5PZCru9zN\",\"name\":\"ProSelect - Dawn Ball\",\"businessDetails\":{\"name\":\"Zoom Photography\"},\"invoiceNumber\":\"000101\",\"currency\":\"GBP\",\"contactDetails\":{\"id\":\"VWNebGYnz35ncN3URNR7\",\"name\":\"Dawn Ball\",\"email\":\"ball858@yahoo.co.uk\"},\"issueDate\":\"2026-01-16T00:00:00.000Z\",\"dueDate\":\"2026-02-01T23:59:59.999Z\",\"invoiceItems\":[{\"taxes\":[],\"taxInclusive\":false,\"_id\":\"697f7ceb83420fbe1ebed50b\",\"name\":\"Order Summary\",\"description\":\"Subtotal ex VAT: \u00a3791.71 | VAT: \u00a3158.29 | Total: \u00a3950.00\",\"amount\":0,\"qty\":1,\"currency\":\"GBP\"},{\"taxes\":[],\"taxInclusive\":false,\"_id\":\"697f7ceb83420f0333bed50c\",\"name\":\"Payment 1 - 2026-01-16\",\"description\":\"Bank Transfer due 2026-01-16\",\"amount\":100,\"qty\":1,\"currency\":\"GBP\"},{\"taxes\":[],\"taxInclusive\":false,\"_id\":\"697f7c"
}
------------------------------------------------------------
[2026-02-01 16:19:06.537] FINAL RESULT
{
  "success": true,
  "contact_id": "VWNebGYnz35ncN3URNR7",
  "album_name": "Ball 160126",
  "email": "ball858@yahoo.co.uk",
  "order_total": 950.0,
  "payments": 9,
  "status": "Payment Plan Active",
  "invoice": {
    "success": true,
    "invoice_id": "697f7ceb83420f56dabed50a",
    "invoice_number": "N/A",
    "amount": 950.0,
    "paid": 0,
    "balance": 950.0,
    "payments_recorded": 2
  }
}
------------------------------------------------------------
[2026-02-01 16:19:06.538] ============================================================
------------------------------------------------------------
[2026-02-01 16:19:06.538] SYNC COMPLETED - Success: True
------------------------------------------------------------
[2026-02-01 16:19:06.538] ============================================================
------------------------------------------------------------

