
======================================================================
SIDEKICK DEBUG LOG - VERBOSE MODE
======================================================================
Session Start:  2026-02-01 16:03:14
Computer Name:  OFFICE-PC
Windows User:   Andrew
Location ID:    W0fg9KOTXUtvCyS18jwM
Python Version: 3.14.2 (tags/v3.14.2:df79316, Dec  5 2025, 17:18:21) [MSC v.1944 64 bit (AMD64)]
Script Path:    C:\Program Files (x86)\SideKick_PS\sync_ps_invoice.exe
Working Dir:    C:\Program Files (x86)\SideKick_PS
Command Args:   ['C:\\Program Files (x86)\\SideKick_PS\\sync_ps_invoice.exe', 'G:\\My Drive\\Proselect orders accounts\\2026-02-01_160305_Ball_160_1.xml', '--financials-only']
======================================================================

[2026-02-01 16:03:14.313] CONFIG ERROR
'utf-8' codec can't decode byte 0xff in position 0: invalid start byte
------------------------------------------------------------
[2026-02-01 16:03:14.314] PARSING XML FILE: G:\My Drive\Proselect orders accounts\2026-02-01_160305_Ball_160_1.xml
------------------------------------------------------------
[2026-02-01 16:03:14.315] XML file stats
{
  "size_bytes": 28795,
  "modified": "2026-02-01 16:03:08"
}
------------------------------------------------------------
[2026-02-01 16:03:14.317] XML parsed successfully, root tag: Client
------------------------------------------------------------
[2026-02-01 16:03:14.317] CLIENT INFO EXTRACTED
{
  "ghl_contact_id": "VWNebGYnz35ncN3URNR7",
  "email": "ball858@yahoo.co.uk",
  "first_name": "Dawn",
  "last_name": "Ball",
  "phone": "",
  "album_name": "Ball 160126",
  "album_path": "D:\\\\1 edit\\\\Ball 160126\\\\Ball 160126.psa"
}
------------------------------------------------------------
[2026-02-01 16:03:14.318] ORDER DATA EXTRACTED
{
  "date": "2026-01-16",
  "total_amount": 950.0,
  "items_count": 25,
  "payments_count": 9,
  "vat_info": {
    "total_vat": 158.29,
    "total_ex_vat": 791.71,
    "vatable_count": 25,
    "exempt_count": 0
  }
}
------------------------------------------------------------
[2026-02-01 16:03:14.318] ORDER ITEMS DETAIL
[
  {
    "type": "Traditional Matted Layout",
    "description": "8 x 10 Black Diamond   - 10 Capacity M 10.0 x 8.0 in Image Box",
    "product": "Image Box",
    "price": 997.0,
    "quantity": 1,
    "taxable": true,
    "vat_amount": 166.16
  },
  {
    "type": "Traditional Matted Layout",
    "description": "8x10/ 5x7 Plus M 10.0 x 8.0 in Fujifilm DP2 Lustre",
    "product": "Fujifilm DP2 Lustre",
    "price": 110.0,
    "quantity": 1,
    "taxable": true,
    "vat_amount": 18.33
  },
  {
    "type": "Mat",
    "description": "Black Image Box Mat",
    "product": "Black Image Box Mat",
    "price": 0.0,
    "quantity": 1,
    "taxable": true,
    "vat_amount": 0.0
  },
  {
    "type": "Traditional Matted Layout",
    "description": "8x10/ 5x7 Plus M 10.0 x 8.0 in Fujifilm DP2 Lustre",
    "product": "Fujifilm DP2 Lustre",
    "price": 110.0,
    "quantity": 1,
    "taxable": true,
    "vat_amount": 18.33
  },
  {
    "type": "Mat",
    "description": "Black Image Box Mat",
    "product": "Black Image Box Mat",
    "price": 0.0,
    "quantity": 1,
    "taxable": true,
    "vat_amount": 0.0
  },
  {
    "type": "Traditional Matted Layout",
    "description": "8x10/ 5x7 Plus M 8.0 x 10.0 in Fujifilm DP2 Lustre",
    "product": "Fujifilm DP2 Lustre",
    "price": 110.0,
    "quantity": 1,
    "taxable": true,
    "vat_amount": 18.33
  },
  {
    "type": "Mat",
    "description": "Black Image Box Mat",
    "product": "Black Image Box Mat",
    "price": 0.0,
    "quantity": 1,
    "taxable": true,
    "vat_amount": 0.0
  },
  {
    "type": "Traditional Matted Layout",
    "description": "8x10/ 5x7 Plus M 8.0 x 10.0 in Fujifilm DP2 Lustre",
    "product": "Fujifilm DP2 Lustre",
    "price": 110.0,
    "quantity": 1,
    "taxable": true,
    "vat_amount": 18.33
  },
  {
    "type": "Mat",
    "description": "Black Image Box Mat",
    "product": "Black Image Box Mat",
    "price": 0.0,
    "quantity": 1,
    "taxable": true,
    "vat_amount": 0.0
  },
  {
    "type": "Traditional Matted Layout",
    "description": "8x10/ 5x7 Plus M 8.0 x 10.0 in Fujifilm DP2 Lustre",
    "product": "Fujifilm DP2 Lustre",
    "price": 110.0,
    "quantity": 1,
    "taxable": true,
    "vat_amount": 18.33
  },
  {
    "type": "Mat",
    "description": "Black Image Box Mat",
    "product": "Black Image Box Mat",
    "price": 0.0,
    "quantity": 1,
    "taxable": true,
    "vat_amount": 0.0
  },
  {
    "type": "Traditional Matted Layout",
    "description": "8x10/ 5x7 Plus M 10.0 x 8.0 in Fujifilm DP2 Lustre",
    "product": "Fujifilm DP2 Lustre",
    "price": 110.0,
    "quantity": 1,
    "taxable": true,
    "vat_amount": 18.33
  },
  {
    "type": "Mat",
    "description": "Black Image Box Mat",
    "product": "Black Image Box Mat",
    "price": 0.0,
    "quantity": 1,
    "taxable": true,
    "vat_amount": 0.0
  },
  {
    "type": "Traditional Matted Layout",
    "description": "8x10/ 5x7 Plus M 10.0 x 8.0 in Fujifilm DP2 Lustre",
    "product": "Fujifilm DP2 Lustre",
    "price": 110.0,
    "quantity": 1,
    "taxable": true,
    "vat_amount": 18.33
  },
  {
    "type": "Mat",
    "description": "Black Image Box Mat",
    "product": "Black Image Box Mat",
    "price": 0.0,
    "quantity": 1,
    "taxable": true,
    "vat_amount": 0.0
  },
  {
    "type": "Traditional Matted Layout",
    "description": "8x10/ 5x7 Plus M 10.0 x 8.0 in Fujifilm DP2 Lustre",
    "product": "Fujifilm DP2 Lustre",
    "price": 110.0,
    "quantity": 1,
    "taxable": true,
    "vat_amount": 18.33
  },
  {
    "type": "Mat",
    "description": "Black Image Box Mat",
    "product": "Black Image Box Mat",
    "price": 0.0,
    "quantity": 1,
    "taxable": true,
    "vat_amount": 0.0
  },
  {
    "type": "Traditional Matted Layout",
    "description": "8x10/ 5x7 Plus M 8.0 x 10.0 in Fujifilm DP2 Lustre",
    "product": "Fujifilm DP2 Lustre",
    "price": 110.0,
    "quantity": 1,
    "taxable": true,
    "vat_amount": 18.33
  },
  {
    "type": "Mat",
    "description": "Black Image Box Mat",
    "product": "Black Image Box Mat",
    "price": 0.0,
    "quantity": 1,
    "taxable": true,
    "vat_amount": 0.0
  },
  {
    "type": "Traditional Matted Layout",
    "description": "8x10/ 5x7 Plus M 10.0 x 8.0 in Fujifilm DP2 Lustre",
    "product": "Fujifilm DP2 Lustre",
    "price": 110.0,
    "quantity": 1,
    "taxable": true,
    "vat_amount": 18.33
  },
  {
    "type": "Mat",
    "description": "Black Image Box Mat",
    "product": "Black Image Box Mat",
    "price": 0.0,
    "quantity": 1,
    "taxable": true,
    "vat_amount": 0.0
  },
  {
    "type": "Traditional Matted Layout",
    "description": "Included Q Card M 7.0 x 3.9 in Quantum Card Images",
    "product": "Quantum Card Images",
    "price": 0.0,
    "quantity": 1,
    "taxable": true,
    "vat_amount": 0.0
  },
  {
    "type": "DigitalFile",
    "description": "Quantum Card Cloud Images",
    "product": "Quantum Card Images",
    "price": 0.0,
    "quantity": 1,
    "taxable": true,
    "vat_amount": 0.0
  },
  {
    "type": "Order Extra",
    "description": "Studio Compertition Gift",
    "product": "Studio Compertition Gift",
    "price": -150.0,
    "quantity": 1,
    "taxable": true,
    "vat_amount": -25.0
  },
  {
    "type": "Order Extra",
    "description": "Package/ Collection 1",
    "product": "Package/ Collection 1",
    "price": -997.0,
    "quantity": 1,
    "taxable": true,
    "vat_amount": -166.17
  }
]
------------------------------------------------------------
[2026-02-01 16:03:14.318] PAYMENT SCHEDULE DETAIL
[
  {
    "id": "1",
    "date": "2026-01-16",
    "amount": 100.0,
    "method": "Bank Transfer",
    "type": "OD"
  },
  {
    "id": "2",
    "date": "2026-02-01",
    "amount": 106.25,
    "method": "Direct Debit",
    "type": "OD"
  },
  {
    "id": "3",
    "date": "2026-03-01",
    "amount": 106.25,
    "method": "Direct Debit",
    "type": "OD"
  },
  {
    "id": "4",
    "date": "2026-04-01",
    "amount": 106.25,
    "method": "Direct Debit",
    "type": "OD"
  },
  {
    "id": "5",
    "date": "2026-05-01",
    "amount": 106.25,
    "method": "Direct Debit",
    "type": "OD"
  },
  {
    "id": "6",
    "date": "2026-06-01",
    "amount": 106.25,
    "method": "Direct Debit",
    "type": "OD"
  },
  {
    "id": "7",
    "date": "2026-07-01",
    "amount": 106.25,
    "method": "Direct Debit",
    "type": "OD"
  },
  {
    "id": "8",
    "date": "2026-08-01",
    "amount": 106.25,
    "method": "Direct Debit",
    "type": "OD"
  },
  {
    "id": "9",
    "date": "2026-09-01",
    "amount": 106.25,
    "method": "Direct Debit",
    "type": "FP"
  }
]
------------------------------------------------------------
[2026-02-01 16:03:14.318] CONTACT SHEET - Starting creation
{
  "xml_path": "G:\\My Drive\\Proselect orders accounts\\2026-02-01_160305_Ball_160_1.xml"
}
------------------------------------------------------------
[2026-02-01 16:03:14.329] UPDATE GHL CONTACT CALLED
{
  "contact_id": "VWNebGYnz35ncN3URNR7"
}
------------------------------------------------------------
[2026-02-01 16:03:14.329] CUSTOM FIELD VALUES TO UPDATE
{
  "82WRQe9Rl6o8uJQ8cgZV": "Ball 160126",
  "rcBTBSNw75gA0BOaVPEr": "Payment Plan Active",
  "j2lMRPMOYHIxapnz5qDK": "2026-01-16"
}
------------------------------------------------------------
[2026-02-01 16:03:14.329] UPDATE CONTACT REQUEST: https://services.leadconnectorhq.com/contacts/VWNebGYnz35ncN3URNR7
{
  "customFields": [
    {
      "id": "82WRQe9Rl6o8uJQ8cgZV",
      "field_value": "Ball 160126"
    },
    {
      "id": "rcBTBSNw75gA0BOaVPEr",
      "field_value": "Payment Plan Active"
    },
    {
      "id": "j2lMRPMOYHIxapnz5qDK",
      "field_value": "2026-01-16"
    }
  ]
}
------------------------------------------------------------
[2026-02-01 16:03:14.742] UPDATE CONTACT RESPONSE: Status=401
{
  "body": "{\"statusCode\":401,\"message\":\"The token in Authorization header is not valid!\"}"
}
------------------------------------------------------------
[2026-02-01 16:03:14.743] FINAL RESULT
{
  "success": false,
  "error": "401 Client Error: Unauthorized for url: https://services.leadconnectorhq.com/contacts/VWNebGYnz35ncN3URNR7",
  "contact_id": "VWNebGYnz35ncN3URNR7"
}
------------------------------------------------------------
[2026-02-01 16:03:14.744] ============================================================
------------------------------------------------------------
[2026-02-01 16:03:14.744] SYNC COMPLETED - Success: False
------------------------------------------------------------
[2026-02-01 16:03:14.744] ============================================================
------------------------------------------------------------

